<!DOCTYPE html>
<!-- | Generated by Apache Maven Doxia Site Renderer 1.11.1 at 2024-03-13 | Rendered using Apache Maven Default Skin -->
<html xmlns="http://www.w3.org/1999/xhtml" xml:lang="en" lang="en">
  <head>
    <meta charset="UTF-8" />
    <meta name="viewport" content="width=device-width, initial-scale=1.0" />
    <meta name="generator" content="Apache Maven Doxia Site Renderer 1.11.1" />
    <title>demo &#x2013; Surefire Report</title>
    <link rel="stylesheet" href="./css/maven-base.css" />
    <link rel="stylesheet" href="./css/maven-theme.css" />
    <link rel="stylesheet" href="./css/site.css" />
    <link rel="stylesheet" href="./css/print.css" media="print" />
  </head>
  <body class="composite">
    <div id="banner">
      <div class="clear">
        <hr />
      </div>
    </div>
    <div id="breadcrumbs">
      <div class="xleft">
        <span id="publishDate">Last Published: 2024-03-13</span>
        | <span id="projectVersion">Version: 1.0-SNAPSHOT</span>
      </div>
      <div class="xright"></div>
      <div class="clear">
        <hr />
      </div>
    </div>
    <div id="leftColumn">
      <div id="navcolumn">
        <a
          href="http://maven.apache.org/"
          title="Built by Maven"
          class="poweredBy"
        >
          <img
            class="poweredBy"
            alt="Built by Maven"
            src="./images/logos/maven-feather.png"
          />
        </a>
      </div>
    </div>
    <div id="bodyColumn">
      <div id="contentBox">
        <script type="text/javascript">
          function toggleDisplay(elementId) {
            var elm = document.getElementById(elementId + "-error");
            if (elm == null) {
              elm = document.getElementById(elementId + "-failure");
            }
            if (elm && typeof elm.style != "undefined") {
              if (elm.style.display == "none") {
                elm.style.display = "";
                document.getElementById(elementId + "-off").style.display =
                  "none";
                document.getElementById(elementId + "-on").style.display =
                  "inline";
              } else if (elm.style.display == "") {
                elm.style.display = "none";
                document.getElementById(elementId + "-off").style.display =
                  "inline";
                document.getElementById(elementId + "-on").style.display =
                  "none";
              }
            }
          }
        </script>
        <section>
          <h2><a name="Surefire_Report"></a>Surefire Report</h2>
        </section>
        <section>
          <a id="Summary"></a>
          <h2><a name="Summary"></a>Summary</h2>
          <p>
            [<a href="#Summary">Summary</a>] [<a href="#Package_List"
              >Package List</a
            >] [<a href="#Test_Cases">Test Cases</a>]
          </p>
          <br />
          <table border="0" class="bodyTable">
            <tr class="a">
              <th>Tests</th>
              <th>Errors</th>
              <th>Failures</th>
              <th>Skipped</th>
              <th>Success Rate</th>
              <th>Time</th>
            </tr>
            <tr class="b">
              <td align="left">8</td>
              <td>0</td>
              <td>2</td>
              <td>6</td>
              <td>0%</td>
              <td>10.81 s</td>
            </tr>
          </table>
          <br />
          <p>
            Note: failures are anticipated and checked for with assertions while
            errors are unanticipated.
          </p>
          <br />
        </section>
        <section>
          <a id="Package_List"></a>
          <h2><a name="Package_List"></a>Package List</h2>
          <p>
            [<a href="#Summary">Summary</a>] [<a href="#Package_List"
              >Package List</a
            >] [<a href="#Test_Cases">Test Cases</a>]
          </p>
          <br />
          <table border="0" class="bodyTable">
            <tr class="a">
              <th>Package</th>
              <th>Tests</th>
              <th>Errors</th>
              <th>Failures</th>
              <th>Skipped</th>
              <th>Success Rate</th>
              <th>Time</th>
            </tr>
            <tr class="b">
              <td align="left"><a href="#tests.e2e">tests.e2e</a></td>
              <td>8</td>
              <td>0</td>
              <td>2</td>
              <td>6</td>
              <td>0%</td>
              <td>10.81 s</td>
            </tr>
          </table>
          <br />
          <p>
            Note: package statistics are not computed recursively, they only sum
            up all of its testsuites numbers.
          </p>
          <section>
            <a id="tests.e2e"></a>
            <h3><a name="tests.e2e"></a>tests.e2e</h3>
            <table border="0" class="bodyTable">
              <tr class="a">
                <th>-</th>
                <th>Class</th>
                <th>Tests</th>
                <th>Errors</th>
                <th>Failures</th>
                <th>Skipped</th>
                <th>Success Rate</th>
                <th>Time</th>
              </tr>
              <tr class="b">
                <td align="left">
                  <a href="#tests.e2e.CompleteTest"
                    ><img src="images/icon_warning_sml.gif" alt=""
                  /></a>
                </td>
                <td><a href="#tests.e2e.CompleteTest">CompleteTest</a></td>
                <td>8</td>
                <td>0</td>
                <td>2</td>
                <td>6</td>
                <td>0%</td>
                <td>10.81 s</td>
              </tr>
            </table>
          </section>
          <br />
        </section>
        <section>
          <a id="Test_Cases"></a>
          <h2><a name="Test_Cases"></a>Test Cases</h2>
          <p>
            [<a href="#Summary">Summary</a>] [<a href="#Package_List"
              >Package List</a
            >] [<a href="#Test_Cases">Test Cases</a>]
          </p>
          <section>
            <a id="tests.e2e.CompleteTest"></a>
            <h3><a name="CompleteTest"></a>CompleteTest</h3>
            <table border="0" class="bodyTable">
              <tr class="a">
                <td align="left">
                  <a href="#tests.e2e.CompleteTest.testRegisterUser"
                    ><img src="images/icon_error_sml.gif" alt=""
                  /></a>
                </td>
                <td>
                  <a id="TC_tests.e2e.CompleteTest.testRegisterUser"></a
                  ><a href="#tests.e2e.CompleteTest.testRegisterUser"
                    >testRegisterUser</a
                  >
                  <div class="detailToggle" style="display: inline">
                    <a
                      href="javascript:toggleDisplay('tests.e2e.CompleteTest.testRegisterUser');"
                      ><span
                        style="display: inline"
                        id="tests.e2e.CompleteTest.testRegisterUser-off"
                      >
                        + </span
                      ><span
                        style="display: none"
                        id="tests.e2e.CompleteTest.testRegisterUser-on"
                      >
                        - </span
                      >[ Detail ]</a
                    >
                  </div>
                </td>
                <td>10.80 s</td>
              </tr>
              <tr class="b">
                <td align="left">-</td>
                <td>
                  disconnected: unable to send message to renderer (failed to
                  check if window was closed: disconnected: not connected to
                  DevTools) (Session info: chrome=122.0.6261.112) Build info:
                  version: '4.18.1', revision: 'b1d3319b48' System info:
                  os.name: 'Windows 10', os.arch: 'amd64', os.version: '10.0',
                  java.version: '21.0.2' Driver info:
                  org.openqa.selenium.chrome.ChromeDriver Command:
                  [b9f6dc730bd1dd5e1a21c19c514486ac, actions
                  {actions=[org.openqa.selenium.interactions.Sequence@7858d31d]}]
                  Capabilities {acceptInsecureCerts: false, browserName: chrome,
                  browserVersion: 122.0.6261.112, chrome: {chromedriverVersion:
                  122.0.6261.111 (9d4c1072da6..., userDataDir:
                  C:\Users\TESTRIG\AppData\Lo...}, fedcm:accounts: true,
                  goog:chromeOptions: {debuggerAddress: localhost:63824},
                  networkConnectionEnabled: false, pageLoadStrategy: normal,
                  platformName: windows, proxy: Proxy(), se:cdp:
                  ws://localhost:63824/devtoo..., se:cdpVersion: 122.0.6261.112,
                  setWindowRect: true, strictFileInteractability: false,
                  timeouts: {implicit: 0, pageLoad: 300000, script: 30000},
                  unhandledPromptBehavior: dismiss and notify,
                  webauthn:extension:credBlob: true,
                  webauthn:extension:largeBlob: true,
                  webauthn:extension:minPinLength: true, webauthn:extension:prf:
                  true, webauthn:virtualAuthenticators: true} Session ID:
                  b9f6dc730bd1dd5e1a21c19c514486ac
                </td>
                <td>-</td>
              </tr>
              <tr
                class="a"
                id="tests.e2e.CompleteTest.testRegisterUser-failure"
                style="display: none"
              >
                <td align="left">-</td>
                <td>
                  <div class="source">
                    <pre>
org.openqa.selenium.WebDriverException: 
disconnected: unable to send message to renderer
  (failed to check if window was closed: disconnected: not connected to DevTools)
  (Session info: chrome=122.0.6261.112)
Build info: version: '4.18.1', revision: 'b1d3319b48'
System info: os.name: 'Windows 10', os.arch: 'amd64', os.version: '10.0', java.version: '21.0.2'
Driver info: org.openqa.selenium.chrome.ChromeDriver
Command: [b9f6dc730bd1dd5e1a21c19c514486ac, actions {actions=[org.openqa.selenium.interactions.Sequence@7858d31d]}]
Capabilities {acceptInsecureCerts: false, browserName: chrome, browserVersion: 122.0.6261.112, chrome: {chromedriverVersion: 122.0.6261.111 (9d4c1072da6..., userDataDir: C:\Users\TESTRIG\AppData\Lo...}, fedcm:accounts: true, goog:chromeOptions: {debuggerAddress: localhost:63824}, networkConnectionEnabled: false, pageLoadStrategy: normal, platformName: windows, proxy: Proxy(), se:cdp: ws://localhost:63824/devtoo..., se:cdpVersion: 122.0.6261.112, setWindowRect: true, strictFileInteractability: false, timeouts: {implicit: 0, pageLoad: 300000, script: 30000}, unhandledPromptBehavior: dismiss and notify, webauthn:extension:credBlob: true, webauthn:extension:largeBlob: true, webauthn:extension:minPinLength: true, webauthn:extension:prf: true, webauthn:virtualAuthenticators: true}
Session ID: b9f6dc730bd1dd5e1a21c19c514486ac
	at java.base/jdk.internal.reflect.DirectConstructorHandleAccessor.newInstance(DirectConstructorHandleAccessor.java:62)
	at java.base/java.lang.reflect.Constructor.newInstanceWithCaller(Constructor.java:502)
	at java.base/java.lang.reflect.Constructor.newInstance(Constructor.java:486)
	at org.openqa.selenium.remote.ErrorCodec.decode(ErrorCodec.java:167)
	at org.openqa.selenium.remote.codec.w3c.W3CHttpResponseCodec.decode(W3CHttpResponseCodec.java:138)
	at org.openqa.selenium.remote.codec.w3c.W3CHttpResponseCodec.decode(W3CHttpResponseCodec.java:50)
	at org.openqa.selenium.remote.HttpCommandExecutor.execute(HttpCommandExecutor.java:190)
	at org.openqa.selenium.remote.service.DriverCommandExecutor.invokeExecute(DriverCommandExecutor.java:216)
	at org.openqa.selenium.remote.service.DriverCommandExecutor.execute(DriverCommandExecutor.java:174)
	at org.openqa.selenium.remote.RemoteWebDriver.execute(RemoteWebDriver.java:519)
	at org.openqa.selenium.remote.RemoteWebDriver.perform(RemoteWebDriver.java:605)
	at org.openqa.selenium.interactions.Actions$BuiltAction.perform(Actions.java:603)
	at tests.pages.RegistrationPage.registerUser(RegistrationPage.java:28)
	at tests.e2e.CompleteTest.testRegisterUser(CompleteTest.java:132)
	at java.base/jdk.internal.reflect.DirectMethodHandleAccessor.invoke(DirectMethodHandleAccessor.java:103)
	at java.base/java.lang.reflect.Method.invoke(Method.java:580)
	at org.testng.internal.invokers.MethodInvocationHelper.invokeMethod(MethodInvocationHelper.java:139)
	at org.testng.internal.invokers.TestInvoker.invokeMethod(TestInvoker.java:664)
	at org.testng.internal.invokers.TestInvoker.invokeTestMethod(TestInvoker.java:228)
	at org.testng.internal.invokers.MethodRunner.runInSequence(MethodRunner.java:63)
	at org.testng.internal.invokers.TestInvoker$MethodInvocationAgent.invoke(TestInvoker.java:961)
	at org.testng.internal.invokers.TestInvoker.invokeTestMethods(TestInvoker.java:201)
	at org.testng.internal.invokers.TestMethodWorker.invokeTestMethods(TestMethodWorker.java:148)
	at org.testng.internal.invokers.TestMethodWorker.run(TestMethodWorker.java:128)
	at java.base/java.util.ArrayList.forEach(ArrayList.java:1596)
	at org.testng.TestRunner.privateRun(TestRunner.java:819)
	at org.testng.TestRunner.run(TestRunner.java:619)
	at org.testng.SuiteRunner.runTest(SuiteRunner.java:443)
	at org.testng.SuiteRunner.runSequentially(SuiteRunner.java:437)
	at org.testng.SuiteRunner.privateRun(SuiteRunner.java:397)
	at org.testng.SuiteRunner.run(SuiteRunner.java:336)
	at org.testng.SuiteRunnerWorker.runSuite(SuiteRunnerWorker.java:52)
	at org.testng.SuiteRunnerWorker.run(SuiteRunnerWorker.java:95)
	at org.testng.TestNG.runSuitesSequentially(TestNG.java:1301)
	at org.testng.TestNG.runSuitesLocally(TestNG.java:1228)
	at org.testng.TestNG.runSuites(TestNG.java:1134)
	at org.testng.TestNG.run(TestNG.java:1101)
	at org.apache.maven.surefire.testng.TestNGExecutor.run(TestNGExecutor.java:308)
	at org.apache.maven.surefire.testng.TestNGXmlTestSuite.execute(TestNGXmlTestSuite.java:71)
	at org.apache.maven.surefire.testng.TestNGProvider.invoke(TestNGProvider.java:113)
	at org.apache.maven.surefire.booter.ForkedBooter.runSuitesInProcess(ForkedBooter.java:385)
	at org.apache.maven.surefire.booter.ForkedBooter.execute(ForkedBooter.java:162)
	at org.apache.maven.surefire.booter.ForkedBooter.run(ForkedBooter.java:507)
	at org.apache.maven.surefire.booter.ForkedBooter.main(ForkedBooter.java:495)
</pre
                    >
                  </div>
                </td>
                <td>-</td>
              </tr>
              <tr class="b">
                <td align="left">
                  <a href="#tests.e2e.CompleteTest.testLogin"
                    ><img src="images/icon_error_sml.gif" alt=""
                  /></a>
                </td>
                <td>
                  <a id="TC_tests.e2e.CompleteTest.testLogin"></a
                  ><a href="#tests.e2e.CompleteTest.testLogin">testLogin</a>
                  <div class="detailToggle" style="display: inline">
                    <a
                      href="javascript:toggleDisplay('tests.e2e.CompleteTest.testLogin');"
                      ><span
                        style="display: inline"
                        id="tests.e2e.CompleteTest.testLogin-off"
                      >
                        + </span
                      ><span
                        style="display: none"
                        id="tests.e2e.CompleteTest.testLogin-on"
                      >
                        - </span
                      >[ Detail ]</a
                    >
                  </div>
                </td>
                <td>0.004 s</td>
              </tr>
              <tr class="a">
                <td align="left">-</td>
                <td>
                  disconnected: not connected to DevTools (failed to check if
                  window was closed: disconnected: not connected to DevTools)
                  (Session info: chrome=122.0.6261.112) Build info: version:
                  '4.18.1', revision: 'b1d3319b48' System info: os.name:
                  'Windows 10', os.arch: 'amd64', os.version: '10.0',
                  java.version: '21.0.2' Driver info:
                  org.openqa.selenium.chrome.ChromeDriver Command:
                  [b9f6dc730bd1dd5e1a21c19c514486ac, findElement {using=name,
                  value=email}] Capabilities {acceptInsecureCerts: false,
                  browserName: chrome, browserVersion: 122.0.6261.112, chrome:
                  {chromedriverVersion: 122.0.6261.111 (9d4c1072da6...,
                  userDataDir: C:\Users\TESTRIG\AppData\Lo...}, fedcm:accounts:
                  true, goog:chromeOptions: {debuggerAddress: localhost:63824},
                  networkConnectionEnabled: false, pageLoadStrategy: normal,
                  platformName: windows, proxy: Proxy(), se:cdp:
                  ws://localhost:63824/devtoo..., se:cdpVersion: 122.0.6261.112,
                  setWindowRect: true, strictFileInteractability: false,
                  timeouts: {implicit: 0, pageLoad: 300000, script: 30000},
                  unhandledPromptBehavior: dismiss and notify,
                  webauthn:extension:credBlob: true,
                  webauthn:extension:largeBlob: true,
                  webauthn:extension:minPinLength: true, webauthn:extension:prf:
                  true, webauthn:virtualAuthenticators: true} Session ID:
                  b9f6dc730bd1dd5e1a21c19c514486ac
                </td>
                <td>-</td>
              </tr>
              <tr
                class="b"
                id="tests.e2e.CompleteTest.testLogin-failure"
                style="display: none"
              >
                <td align="left">-</td>
                <td>
                  <div class="source">
                    <pre>
org.openqa.selenium.WebDriverException: 
disconnected: not connected to DevTools
  (failed to check if window was closed: disconnected: not connected to DevTools)
  (Session info: chrome=122.0.6261.112)
Build info: version: '4.18.1', revision: 'b1d3319b48'
System info: os.name: 'Windows 10', os.arch: 'amd64', os.version: '10.0', java.version: '21.0.2'
Driver info: org.openqa.selenium.chrome.ChromeDriver
Command: [b9f6dc730bd1dd5e1a21c19c514486ac, findElement {using=name, value=email}]
Capabilities {acceptInsecureCerts: false, browserName: chrome, browserVersion: 122.0.6261.112, chrome: {chromedriverVersion: 122.0.6261.111 (9d4c1072da6..., userDataDir: C:\Users\TESTRIG\AppData\Lo...}, fedcm:accounts: true, goog:chromeOptions: {debuggerAddress: localhost:63824}, networkConnectionEnabled: false, pageLoadStrategy: normal, platformName: windows, proxy: Proxy(), se:cdp: ws://localhost:63824/devtoo..., se:cdpVersion: 122.0.6261.112, setWindowRect: true, strictFileInteractability: false, timeouts: {implicit: 0, pageLoad: 300000, script: 30000}, unhandledPromptBehavior: dismiss and notify, webauthn:extension:credBlob: true, webauthn:extension:largeBlob: true, webauthn:extension:minPinLength: true, webauthn:extension:prf: true, webauthn:virtualAuthenticators: true}
Session ID: b9f6dc730bd1dd5e1a21c19c514486ac
	at java.base/jdk.internal.reflect.DirectConstructorHandleAccessor.newInstance(DirectConstructorHandleAccessor.java:62)
	at java.base/java.lang.reflect.Constructor.newInstanceWithCaller(Constructor.java:502)
	at java.base/java.lang.reflect.Constructor.newInstance(Constructor.java:486)
	at org.openqa.selenium.remote.ErrorCodec.decode(ErrorCodec.java:167)
	at org.openqa.selenium.remote.codec.w3c.W3CHttpResponseCodec.decode(W3CHttpResponseCodec.java:138)
	at org.openqa.selenium.remote.codec.w3c.W3CHttpResponseCodec.decode(W3CHttpResponseCodec.java:50)
	at org.openqa.selenium.remote.HttpCommandExecutor.execute(HttpCommandExecutor.java:190)
	at org.openqa.selenium.remote.service.DriverCommandExecutor.invokeExecute(DriverCommandExecutor.java:216)
	at org.openqa.selenium.remote.service.DriverCommandExecutor.execute(DriverCommandExecutor.java:174)
	at org.openqa.selenium.remote.RemoteWebDriver.execute(RemoteWebDriver.java:519)
	at org.openqa.selenium.remote.ElementLocation$ElementFinder$2.findElement(ElementLocation.java:165)
	at org.openqa.selenium.remote.ElementLocation.findElement(ElementLocation.java:66)
	at org.openqa.selenium.remote.RemoteWebDriver.findElement(RemoteWebDriver.java:356)
	at org.openqa.selenium.remote.RemoteWebDriver.findElement(RemoteWebDriver.java:350)
	at tests.pages.LoginPage.emailField(LoginPage.java:27)
	at tests.pages.LoginPage.loginIntoJuiceShop(LoginPage.java:17)
	at tests.e2e.CompleteTest.testLogin(CompleteTest.java:65)
	at java.base/jdk.internal.reflect.DirectMethodHandleAccessor.invoke(DirectMethodHandleAccessor.java:103)
	at java.base/java.lang.reflect.Method.invoke(Method.java:580)
	at org.testng.internal.invokers.MethodInvocationHelper.invokeMethod(MethodInvocationHelper.java:139)
	at org.testng.internal.invokers.TestInvoker.invokeMethod(TestInvoker.java:664)
	at org.testng.internal.invokers.TestInvoker.invokeTestMethod(TestInvoker.java:228)
	at org.testng.internal.invokers.MethodRunner.runInSequence(MethodRunner.java:63)
	at org.testng.internal.invokers.TestInvoker$MethodInvocationAgent.invoke(TestInvoker.java:961)
	at org.testng.internal.invokers.TestInvoker.invokeTestMethods(TestInvoker.java:201)
	at org.testng.internal.invokers.TestMethodWorker.invokeTestMethods(TestMethodWorker.java:148)
	at org.testng.internal.invokers.TestMethodWorker.run(TestMethodWorker.java:128)
	at java.base/java.util.ArrayList.forEach(ArrayList.java:1596)
	at org.testng.TestRunner.privateRun(TestRunner.java:819)
	at org.testng.TestRunner.run(TestRunner.java:619)
	at org.testng.SuiteRunner.runTest(SuiteRunner.java:443)
	at org.testng.SuiteRunner.runSequentially(SuiteRunner.java:437)
	at org.testng.SuiteRunner.privateRun(SuiteRunner.java:397)
	at org.testng.SuiteRunner.run(SuiteRunner.java:336)
	at org.testng.SuiteRunnerWorker.runSuite(SuiteRunnerWorker.java:52)
	at org.testng.SuiteRunnerWorker.run(SuiteRunnerWorker.java:95)
	at org.testng.TestNG.runSuitesSequentially(TestNG.java:1301)
	at org.testng.TestNG.runSuitesLocally(TestNG.java:1228)
	at org.testng.TestNG.runSuites(TestNG.java:1134)
	at org.testng.TestNG.run(TestNG.java:1101)
	at org.apache.maven.surefire.testng.TestNGExecutor.run(TestNGExecutor.java:308)
	at org.apache.maven.surefire.testng.TestNGXmlTestSuite.execute(TestNGXmlTestSuite.java:71)
	at org.apache.maven.surefire.testng.TestNGProvider.invoke(TestNGProvider.java:113)
	at org.apache.maven.surefire.booter.ForkedBooter.runSuitesInProcess(ForkedBooter.java:385)
	at org.apache.maven.surefire.booter.ForkedBooter.execute(ForkedBooter.java:162)
	at org.apache.maven.surefire.booter.ForkedBooter.run(ForkedBooter.java:507)
	at org.apache.maven.surefire.booter.ForkedBooter.main(ForkedBooter.java:495)
</pre
                    >
                  </div>
                </td>
                <td>-</td>
              </tr>
              <tr class="a">
                <td align="left">
                  <a href="#tests.e2e.CompleteTest.testAddProductToCart"
                    ><img src="images/icon_warning_sml.gif" alt=""
                  /></a>
                </td>
                <td>
                  <a id="TC_tests.e2e.CompleteTest.testAddProductToCart"></a
                  ><a href="#tests.e2e.CompleteTest.testAddProductToCart"
                    >testAddProductToCart</a
                  >
                  <div class="detailToggle" style="display: inline">
                    <a
                      href="javascript:toggleDisplay('tests.e2e.CompleteTest.testAddProductToCart');"
                      ><span
                        style="display: inline"
                        id="tests.e2e.CompleteTest.testAddProductToCart-off"
                      >
                        + </span
                      ><span
                        style="display: none"
                        id="tests.e2e.CompleteTest.testAddProductToCart-on"
                      >
                        - </span
                      >[ Detail ]</a
                    >
                  </div>
                </td>
                <td>0 s</td>
              </tr>
              <tr class="b">
                <td align="left">-</td>
                <td>
                  Method tests.e2e.CompleteTest.testAddProductToCart() on
                  instance tests.e2e.CompleteTest@192d43ce depends on not
                  successfully finished methods
                  [tests.e2e.CompleteTest.testLogin() on instance
                  tests.e2e.CompleteTest@192d43ce]
                </td>
                <td>-</td>
              </tr>
              <tr class="a">
                <td align="left">
                  <a href="#tests.e2e.CompleteTest.testProductCheckout"
                    ><img src="images/icon_warning_sml.gif" alt=""
                  /></a>
                </td>
                <td>
                  <a id="TC_tests.e2e.CompleteTest.testProductCheckout"></a
                  ><a href="#tests.e2e.CompleteTest.testProductCheckout"
                    >testProductCheckout</a
                  >
                  <div class="detailToggle" style="display: inline">
                    <a
                      href="javascript:toggleDisplay('tests.e2e.CompleteTest.testProductCheckout');"
                      ><span
                        style="display: inline"
                        id="tests.e2e.CompleteTest.testProductCheckout-off"
                      >
                        + </span
                      ><span
                        style="display: none"
                        id="tests.e2e.CompleteTest.testProductCheckout-on"
                      >
                        - </span
                      >[ Detail ]</a
                    >
                  </div>
                </td>
                <td>0 s</td>
              </tr>
              <tr class="b">
                <td align="left">-</td>
                <td>
                  Method tests.e2e.CompleteTest.testProductCheckout() on
                  instance tests.e2e.CompleteTest@192d43ce depends on not
                  successfully finished methods
                  [tests.e2e.CompleteTest.testAddProductToCart() on instance
                  tests.e2e.CompleteTest@192d43ce]
                </td>
                <td>-</td>
              </tr>
              <tr class="a">
                <td align="left">
                  <a href="#tests.e2e.CompleteTest.testSelectDelivery"
                    ><img src="images/icon_warning_sml.gif" alt=""
                  /></a>
                </td>
                <td>
                  <a id="TC_tests.e2e.CompleteTest.testSelectDelivery"></a
                  ><a href="#tests.e2e.CompleteTest.testSelectDelivery"
                    >testSelectDelivery</a
                  >
                  <div class="detailToggle" style="display: inline">
                    <a
                      href="javascript:toggleDisplay('tests.e2e.CompleteTest.testSelectDelivery');"
                      ><span
                        style="display: inline"
                        id="tests.e2e.CompleteTest.testSelectDelivery-off"
                      >
                        + </span
                      ><span
                        style="display: none"
                        id="tests.e2e.CompleteTest.testSelectDelivery-on"
                      >
                        - </span
                      >[ Detail ]</a
                    >
                  </div>
                </td>
                <td>0 s</td>
              </tr>
              <tr class="b">
                <td align="left">-</td>
                <td>
                  Method tests.e2e.CompleteTest.testSelectDelivery() on instance
                  tests.e2e.CompleteTest@192d43ce depends on not successfully
                  finished methods [tests.e2e.CompleteTest.testProductCheckout()
                  on instance tests.e2e.CompleteTest@192d43ce]
                </td>
                <td>-</td>
              </tr>
              <tr class="a">
                <td align="left">
                  <a href="#tests.e2e.CompleteTest.testMakePayment"
                    ><img src="images/icon_warning_sml.gif" alt=""
                  /></a>
                </td>
                <td>
                  <a id="TC_tests.e2e.CompleteTest.testMakePayment"></a
                  ><a href="#tests.e2e.CompleteTest.testMakePayment"
                    >testMakePayment</a
                  >
                  <div class="detailToggle" style="display: inline">
                    <a
                      href="javascript:toggleDisplay('tests.e2e.CompleteTest.testMakePayment');"
                      ><span
                        style="display: inline"
                        id="tests.e2e.CompleteTest.testMakePayment-off"
                      >
                        + </span
                      ><span
                        style="display: none"
                        id="tests.e2e.CompleteTest.testMakePayment-on"
                      >
                        - </span
                      >[ Detail ]</a
                    >
                  </div>
                </td>
                <td>0 s</td>
              </tr>
              <tr class="b">
                <td align="left">-</td>
                <td>
                  Method tests.e2e.CompleteTest.testMakePayment() on instance
                  tests.e2e.CompleteTest@192d43ce depends on not successfully
                  finished methods [tests.e2e.CompleteTest.testSelectDelivery()
                  on instance tests.e2e.CompleteTest@192d43ce]
                </td>
                <td>-</td>
              </tr>
              <tr class="a">
                <td align="left">
                  <a href="#tests.e2e.CompleteTest.testOrderSummary"
                    ><img src="images/icon_warning_sml.gif" alt=""
                  /></a>
                </td>
                <td>
                  <a id="TC_tests.e2e.CompleteTest.testOrderSummary"></a
                  ><a href="#tests.e2e.CompleteTest.testOrderSummary"
                    >testOrderSummary</a
                  >
                  <div class="detailToggle" style="display: inline">
                    <a
                      href="javascript:toggleDisplay('tests.e2e.CompleteTest.testOrderSummary');"
                      ><span
                        style="display: inline"
                        id="tests.e2e.CompleteTest.testOrderSummary-off"
                      >
                        + </span
                      ><span
                        style="display: none"
                        id="tests.e2e.CompleteTest.testOrderSummary-on"
                      >
                        - </span
                      >[ Detail ]</a
                    >
                  </div>
                </td>
                <td>0 s</td>
              </tr>
              <tr class="b">
                <td align="left">-</td>
                <td>
                  Method tests.e2e.CompleteTest.testOrderSummary() on instance
                  tests.e2e.CompleteTest@192d43ce depends on not successfully
                  finished methods [tests.e2e.CompleteTest.testMakePayment() on
                  instance tests.e2e.CompleteTest@192d43ce]
                </td>
                <td>-</td>
              </tr>
              <tr class="a">
                <td align="left">
                  <a href="#tests.e2e.CompleteTest.testOrderConfirmation"
                    ><img src="images/icon_warning_sml.gif" alt=""
                  /></a>
                </td>
                <td>
                  <a id="TC_tests.e2e.CompleteTest.testOrderConfirmation"></a
                  ><a href="#tests.e2e.CompleteTest.testOrderConfirmation"
                    >testOrderConfirmation</a
                  >
                  <div class="detailToggle" style="display: inline">
                    <a
                      href="javascript:toggleDisplay('tests.e2e.CompleteTest.testOrderConfirmation');"
                      ><span
                        style="display: inline"
                        id="tests.e2e.CompleteTest.testOrderConfirmation-off"
                      >
                        + </span
                      ><span
                        style="display: none"
                        id="tests.e2e.CompleteTest.testOrderConfirmation-on"
                      >
                        - </span
                      >[ Detail ]</a
                    >
                  </div>
                </td>
                <td>0 s</td>
              </tr>
              <tr class="b">
                <td align="left">-</td>
                <td>
                  Method tests.e2e.CompleteTest.testOrderConfirmation() on
                  instance tests.e2e.CompleteTest@192d43ce depends on not
                  successfully finished methods
                  [tests.e2e.CompleteTest.testOrderSummary() on instance
                  tests.e2e.CompleteTest@192d43ce]
                </td>
                <td>-</td>
              </tr>
            </table>
          </section>
          <br />
        </section>
        <section>
          <a id="Failure_Details"></a>
          <h2><a name="Failure_Details"></a>Failure Details</h2>
          <p>
            [<a href="#Summary">Summary</a>] [<a href="#Package_List"
              >Package List</a
            >] [<a href="#Test_Cases">Test Cases</a>]
          </p>
          <br />
          <table border="0" class="bodyTable">
            <tr class="a">
              <td align="left">
                <img src="images/icon_error_sml.gif" alt="" />
              </td>
              <td>
                <a id="tests.e2e.CompleteTest.testRegisterUser"></a
                >testRegisterUser
              </td>
            </tr>
            <tr class="b">
              <td align="left">-</td>
              <td>
                org.openqa.selenium.WebDriverException: disconnected: unable to
                send message to renderer (failed to check if window was closed:
                disconnected: not connected to DevTools) (Session info:
                chrome=122.0.6261.112) Build info: version: '4.18.1', revision:
                'b1d3319b48' System info: os.name: 'Windows 10', os.arch:
                'amd64', os.version: '10.0', java.version: '21.0.2' Driver info:
                org.openqa.selenium.chrome.ChromeDriver Command:
                [b9f6dc730bd1dd5e1a21c19c514486ac, actions
                {actions=[org.openqa.selenium.interactions.Sequence@7858d31d]}]
                Capabilities {acceptInsecureCerts: false, browserName: chrome,
                browserVersion: 122.0.6261.112, chrome: {chromedriverVersion:
                122.0.6261.111 (9d4c1072da6..., userDataDir:
                C:\Users\TESTRIG\AppData\Lo...}, fedcm:accounts: true,
                goog:chromeOptions: {debuggerAddress: localhost:63824},
                networkConnectionEnabled: false, pageLoadStrategy: normal,
                platformName: windows, proxy: Proxy(), se:cdp:
                ws://localhost:63824/devtoo..., se:cdpVersion: 122.0.6261.112,
                setWindowRect: true, strictFileInteractability: false, timeouts:
                {implicit: 0, pageLoad: 300000, script: 30000},
                unhandledPromptBehavior: dismiss and notify,
                webauthn:extension:credBlob: true, webauthn:extension:largeBlob:
                true, webauthn:extension:minPinLength: true,
                webauthn:extension:prf: true, webauthn:virtualAuthenticators:
                true} Session ID: b9f6dc730bd1dd5e1a21c19c514486ac
              </td>
            </tr>
            <tr class="a">
              <td align="left">-</td>
              <td>
                <div id="testRegisterUser-failure">
                  tests.e2e.CompleteTest:132
                </div>
              </td>
            </tr>
            <tr class="b">
              <td align="left">
                <img src="images/icon_error_sml.gif" alt="" />
              </td>
              <td><a id="tests.e2e.CompleteTest.testLogin"></a>testLogin</td>
            </tr>
            <tr class="a">
              <td align="left">-</td>
              <td>
                org.openqa.selenium.WebDriverException: disconnected: not
                connected to DevTools (failed to check if window was closed:
                disconnected: not connected to DevTools) (Session info:
                chrome=122.0.6261.112) Build info: version: '4.18.1', revision:
                'b1d3319b48' System info: os.name: 'Windows 10', os.arch:
                'amd64', os.version: '10.0', java.version: '21.0.2' Driver info:
                org.openqa.selenium.chrome.ChromeDriver Command:
                [b9f6dc730bd1dd5e1a21c19c514486ac, findElement {using=name,
                value=email}] Capabilities {acceptInsecureCerts: false,
                browserName: chrome, browserVersion: 122.0.6261.112, chrome:
                {chromedriverVersion: 122.0.6261.111 (9d4c1072da6...,
                userDataDir: C:\Users\TESTRIG\AppData\Lo...}, fedcm:accounts:
                true, goog:chromeOptions: {debuggerAddress: localhost:63824},
                networkConnectionEnabled: false, pageLoadStrategy: normal,
                platformName: windows, proxy: Proxy(), se:cdp:
                ws://localhost:63824/devtoo..., se:cdpVersion: 122.0.6261.112,
                setWindowRect: true, strictFileInteractability: false, timeouts:
                {implicit: 0, pageLoad: 300000, script: 30000},
                unhandledPromptBehavior: dismiss and notify,
                webauthn:extension:credBlob: true, webauthn:extension:largeBlob:
                true, webauthn:extension:minPinLength: true,
                webauthn:extension:prf: true, webauthn:virtualAuthenticators:
                true} Session ID: b9f6dc730bd1dd5e1a21c19c514486ac
              </td>
            </tr>
            <tr class="b">
              <td align="left">-</td>
              <td>
                <div id="testLogin-failure">tests.e2e.CompleteTest:65</div>
              </td>
            </tr>
            <tr class="a">
              <td align="left">
                <img src="images/icon_warning_sml.gif" alt="" />
              </td>
              <td>
                <a id="tests.e2e.CompleteTest.testAddProductToCart"></a
                >testAddProductToCart
              </td>
            </tr>
            <tr class="b">
              <td align="left">-</td>
              <td>
                skipped: Method tests.e2e.CompleteTest.testAddProductToCart() on
                instance tests.e2e.CompleteTest@192d43ce depends on not
                successfully finished methods
                [tests.e2e.CompleteTest.testLogin() on instance
                tests.e2e.CompleteTest@192d43ce]
              </td>
            </tr>
            <tr class="a">
              <td align="left">
                <img src="images/icon_warning_sml.gif" alt="" />
              </td>
              <td>
                <a id="tests.e2e.CompleteTest.testProductCheckout"></a
                >testProductCheckout
              </td>
            </tr>
            <tr class="b">
              <td align="left">-</td>
              <td>
                skipped: Method tests.e2e.CompleteTest.testProductCheckout() on
                instance tests.e2e.CompleteTest@192d43ce depends on not
                successfully finished methods
                [tests.e2e.CompleteTest.testAddProductToCart() on instance
                tests.e2e.CompleteTest@192d43ce]
              </td>
            </tr>
            <tr class="a">
              <td align="left">
                <img src="images/icon_warning_sml.gif" alt="" />
              </td>
              <td>
                <a id="tests.e2e.CompleteTest.testSelectDelivery"></a
                >testSelectDelivery
              </td>
            </tr>
            <tr class="b">
              <td align="left">-</td>
              <td>
                skipped: Method tests.e2e.CompleteTest.testSelectDelivery() on
                instance tests.e2e.CompleteTest@192d43ce depends on not
                successfully finished methods
                [tests.e2e.CompleteTest.testProductCheckout() on instance
                tests.e2e.CompleteTest@192d43ce]
              </td>
            </tr>
            <tr class="a">
              <td align="left">
                <img src="images/icon_warning_sml.gif" alt="" />
              </td>
              <td>
                <a id="tests.e2e.CompleteTest.testMakePayment"></a
                >testMakePayment
              </td>
            </tr>
            <tr class="b">
              <td align="left">-</td>
              <td>
                skipped: Method tests.e2e.CompleteTest.testMakePayment() on
                instance tests.e2e.CompleteTest@192d43ce depends on not
                successfully finished methods
                [tests.e2e.CompleteTest.testSelectDelivery() on instance
                tests.e2e.CompleteTest@192d43ce]
              </td>
            </tr>
            <tr class="a">
              <td align="left">
                <img src="images/icon_warning_sml.gif" alt="" />
              </td>
              <td>
                <a id="tests.e2e.CompleteTest.testOrderSummary"></a
                >testOrderSummary
              </td>
            </tr>
            <tr class="b">
              <td align="left">-</td>
              <td>
                skipped: Method tests.e2e.CompleteTest.testOrderSummary() on
                instance tests.e2e.CompleteTest@192d43ce depends on not
                successfully finished methods
                [tests.e2e.CompleteTest.testMakePayment() on instance
                tests.e2e.CompleteTest@192d43ce]
              </td>
            </tr>
            <tr class="a">
              <td align="left">
                <img src="images/icon_warning_sml.gif" alt="" />
              </td>
              <td>
                <a id="tests.e2e.CompleteTest.testOrderConfirmation"></a
                >testOrderConfirmation
              </td>
            </tr>
            <tr class="b">
              <td align="left">-</td>
              <td>
                skipped: Method tests.e2e.CompleteTest.testOrderConfirmation()
                on instance tests.e2e.CompleteTest@192d43ce depends on not
                successfully finished methods
                [tests.e2e.CompleteTest.testOrderSummary() on instance
                tests.e2e.CompleteTest@192d43ce]
              </td>
            </tr>
          </table>
          <br />
        </section>
      </div>
    </div>
    <div class="clear">
      <hr />
    </div>
    <div id="footer">
      <div class="xright">Copyright &#169; 2024..</div>
      <div class="clear">
        <hr />
      </div>
    </div>
  </body>
</html>
